<?xml version="1.0" encoding="UTF-8"?>
<testsuite xmlns:xsi="http://www.w3.org/2001/XMLSchema-instance" xsi:noNamespaceSchemaLocation="https://maven.apache.org/surefire/maven-surefire-plugin/xsd/surefire-test-report.xsd" name="com.coursesstore.admin.adapters.http.customer.delete.DeleteCustomerControllerTest" time="3.19" tests="3" errors="2" skipped="0" failures="0">
  <properties>
    <property name="sun.desktop" value="windows"/>
    <property name="awt.toolkit" value="sun.awt.windows.WToolkit"/>
    <property name="java.specification.version" value="11"/>
    <property name="sun.cpu.isalist" value="amd64"/>
    <property name="sun.jnu.encoding" value="Cp1252"/>
    <property name="java.class.path" value="C:\Users\Henrique\Downloads\Courses-admin\online-courses-admin\src\Online-Courses-Store-Admin\api-courses-store-admin\target\test-classes;C:\Users\Henrique\Downloads\Courses-admin\online-courses-admin\src\Online-Courses-Store-Admin\api-courses-store-admin\target\classes;C:\Users\Henrique\.m2\repository\org\springframework\boot\spring-boot-starter-web\2.3.4.RELEASE\spring-boot-starter-web-2.3.4.RELEASE.jar;C:\Users\Henrique\.m2\repository\org\springframework\boot\spring-boot-starter\2.3.4.RELEASE\spring-boot-starter-2.3.4.RELEASE.jar;C:\Users\Henrique\.m2\repository\org\springframework\boot\spring-boot\2.3.4.RELEASE\spring-boot-2.3.4.RELEASE.jar;C:\Users\Henrique\.m2\repository\org\springframework\boot\spring-boot-autoconfigure\2.3.4.RELEASE\spring-boot-autoconfigure-2.3.4.RELEASE.jar;C:\Users\Henrique\.m2\repository\org\springframework\boot\spring-boot-starter-logging\2.3.4.RELEASE\spring-boot-starter-logging-2.3.4.RELEASE.jar;C:\Users\Henrique\.m2\repository\ch\qos\logback\logback-classic\1.2.3\logback-classic-1.2.3.jar;C:\Users\Henrique\.m2\repository\ch\qos\logback\logback-core\1.2.3\logback-core-1.2.3.jar;C:\Users\Henrique\.m2\repository\org\apache\logging\log4j\log4j-to-slf4j\2.13.3\log4j-to-slf4j-2.13.3.jar;C:\Users\Henrique\.m2\repository\org\apache\logging\log4j\log4j-api\2.13.3\log4j-api-2.13.3.jar;C:\Users\Henrique\.m2\repository\org\slf4j\jul-to-slf4j\1.7.30\jul-to-slf4j-1.7.30.jar;C:\Users\Henrique\.m2\repository\jakarta\annotation\jakarta.annotation-api\1.3.5\jakarta.annotation-api-1.3.5.jar;C:\Users\Henrique\.m2\repository\org\yaml\snakeyaml\1.26\snakeyaml-1.26.jar;C:\Users\Henrique\.m2\repository\org\springframework\boot\spring-boot-starter-json\2.3.4.RELEASE\spring-boot-starter-json-2.3.4.RELEASE.jar;C:\Users\Henrique\.m2\repository\com\fasterxml\jackson\datatype\jackson-datatype-jdk8\2.11.2\jackson-datatype-jdk8-2.11.2.jar;C:\Users\Henrique\.m2\repository\com\fasterxml\jackson\datatype\jackson-datatype-jsr310\2.11.2\jackson-datatype-jsr310-2.11.2.jar;C:\Users\Henrique\.m2\repository\com\fasterxml\jackson\module\jackson-module-parameter-names\2.11.2\jackson-module-parameter-names-2.11.2.jar;C:\Users\Henrique\.m2\repository\org\springframework\boot\spring-boot-starter-tomcat\2.3.4.RELEASE\spring-boot-starter-tomcat-2.3.4.RELEASE.jar;C:\Users\Henrique\.m2\repository\org\apache\tomcat\embed\tomcat-embed-core\9.0.38\tomcat-embed-core-9.0.38.jar;C:\Users\Henrique\.m2\repository\org\glassfish\jakarta.el\3.0.3\jakarta.el-3.0.3.jar;C:\Users\Henrique\.m2\repository\org\apache\tomcat\embed\tomcat-embed-websocket\9.0.38\tomcat-embed-websocket-9.0.38.jar;C:\Users\Henrique\.m2\repository\org\springframework\spring-web\5.2.9.RELEASE\spring-web-5.2.9.RELEASE.jar;C:\Users\Henrique\.m2\repository\org\springframework\spring-beans\5.2.9.RELEASE\spring-beans-5.2.9.RELEASE.jar;C:\Users\Henrique\.m2\repository\org\springframework\spring-webmvc\5.2.9.RELEASE\spring-webmvc-5.2.9.RELEASE.jar;C:\Users\Henrique\.m2\repository\org\springframework\spring-aop\5.2.9.RELEASE\spring-aop-5.2.9.RELEASE.jar;C:\Users\Henrique\.m2\repository\org\springframework\spring-context\5.2.9.RELEASE\spring-context-5.2.9.RELEASE.jar;C:\Users\Henrique\.m2\repository\org\springframework\spring-expression\5.2.9.RELEASE\spring-expression-5.2.9.RELEASE.jar;C:\Users\Henrique\.m2\repository\org\springframework\boot\spring-boot-starter-data-jpa\2.3.4.RELEASE\spring-boot-starter-data-jpa-2.3.4.RELEASE.jar;C:\Users\Henrique\.m2\repository\org\springframework\boot\spring-boot-starter-aop\2.3.4.RELEASE\spring-boot-starter-aop-2.3.4.RELEASE.jar;C:\Users\Henrique\.m2\repository\org\aspectj\aspectjweaver\1.9.6\aspectjweaver-1.9.6.jar;C:\Users\Henrique\.m2\repository\org\springframework\boot\spring-boot-starter-jdbc\2.3.4.RELEASE\spring-boot-starter-jdbc-2.3.4.RELEASE.jar;C:\Users\Henrique\.m2\repository\com\zaxxer\HikariCP\3.4.5\HikariCP-3.4.5.jar;C:\Users\Henrique\.m2\repository\org\springframework\spring-jdbc\5.2.9.RELEASE\spring-jdbc-5.2.9.RELEASE.jar;C:\Users\Henrique\.m2\repository\jakarta\transaction\jakarta.transaction-api\1.3.3\jakarta.transaction-api-1.3.3.jar;C:\Users\Henrique\.m2\repository\jakarta\persistence\jakarta.persistence-api\2.2.3\jakarta.persistence-api-2.2.3.jar;C:\Users\Henrique\.m2\repository\org\hibernate\hibernate-core\5.4.21.Final\hibernate-core-5.4.21.Final.jar;C:\Users\Henrique\.m2\repository\org\javassist\javassist\3.24.0-GA\javassist-3.24.0-GA.jar;C:\Users\Henrique\.m2\repository\net\bytebuddy\byte-buddy\1.10.14\byte-buddy-1.10.14.jar;C:\Users\Henrique\.m2\repository\antlr\antlr\2.7.7\antlr-2.7.7.jar;C:\Users\Henrique\.m2\repository\org\jboss\jandex\2.1.3.Final\jandex-2.1.3.Final.jar;C:\Users\Henrique\.m2\repository\org\dom4j\dom4j\2.1.3\dom4j-2.1.3.jar;C:\Users\Henrique\.m2\repository\org\hibernate\common\hibernate-commons-annotations\5.1.0.Final\hibernate-commons-annotations-5.1.0.Final.jar;C:\Users\Henrique\.m2\repository\org\glassfish\jaxb\jaxb-runtime\2.3.3\jaxb-runtime-2.3.3.jar;C:\Users\Henrique\.m2\repository\org\glassfish\jaxb\txw2\2.3.3\txw2-2.3.3.jar;C:\Users\Henrique\.m2\repository\com\sun\istack\istack-commons-runtime\3.0.11\istack-commons-runtime-3.0.11.jar;C:\Users\Henrique\.m2\repository\com\sun\activation\jakarta.activation\1.2.2\jakarta.activation-1.2.2.jar;C:\Users\Henrique\.m2\repository\org\springframework\data\spring-data-jpa\2.3.4.RELEASE\spring-data-jpa-2.3.4.RELEASE.jar;C:\Users\Henrique\.m2\repository\org\springframework\data\spring-data-commons\2.3.4.RELEASE\spring-data-commons-2.3.4.RELEASE.jar;C:\Users\Henrique\.m2\repository\org\springframework\spring-orm\5.2.9.RELEASE\spring-orm-5.2.9.RELEASE.jar;C:\Users\Henrique\.m2\repository\org\springframework\spring-tx\5.2.9.RELEASE\spring-tx-5.2.9.RELEASE.jar;C:\Users\Henrique\.m2\repository\org\springframework\spring-aspects\5.2.9.RELEASE\spring-aspects-5.2.9.RELEASE.jar;C:\Users\Henrique\.m2\repository\com\h2database\h2\1.4.200\h2-1.4.200.jar;C:\Users\Henrique\.m2\repository\org\springframework\boot\spring-boot-starter-test\2.3.4.RELEASE\spring-boot-starter-test-2.3.4.RELEASE.jar;C:\Users\Henrique\.m2\repository\org\springframework\boot\spring-boot-test\2.3.4.RELEASE\spring-boot-test-2.3.4.RELEASE.jar;C:\Users\Henrique\.m2\repository\org\springframework\boot\spring-boot-test-autoconfigure\2.3.4.RELEASE\spring-boot-test-autoconfigure-2.3.4.RELEASE.jar;C:\Users\Henrique\.m2\repository\com\jayway\jsonpath\json-path\2.4.0\json-path-2.4.0.jar;C:\Users\Henrique\.m2\repository\net\minidev\json-smart\2.3\json-smart-2.3.jar;C:\Users\Henrique\.m2\repository\net\minidev\accessors-smart\1.2\accessors-smart-1.2.jar;C:\Users\Henrique\.m2\repository\jakarta\xml\bind\jakarta.xml.bind-api\2.3.3\jakarta.xml.bind-api-2.3.3.jar;C:\Users\Henrique\.m2\repository\jakarta\activation\jakarta.activation-api\1.2.2\jakarta.activation-api-1.2.2.jar;C:\Users\Henrique\.m2\repository\org\assertj\assertj-core\3.16.1\assertj-core-3.16.1.jar;C:\Users\Henrique\.m2\repository\org\hamcrest\hamcrest\2.2\hamcrest-2.2.jar;C:\Users\Henrique\.m2\repository\org\junit\jupiter\junit-jupiter\5.6.2\junit-jupiter-5.6.2.jar;C:\Users\Henrique\.m2\repository\org\junit\jupiter\junit-jupiter-api\5.6.2\junit-jupiter-api-5.6.2.jar;C:\Users\Henrique\.m2\repository\org\apiguardian\apiguardian-api\1.1.0\apiguardian-api-1.1.0.jar;C:\Users\Henrique\.m2\repository\org\junit\platform\junit-platform-commons\1.6.2\junit-platform-commons-1.6.2.jar;C:\Users\Henrique\.m2\repository\org\junit\jupiter\junit-jupiter-params\5.6.2\junit-jupiter-params-5.6.2.jar;C:\Users\Henrique\.m2\repository\org\junit\jupiter\junit-jupiter-engine\5.6.2\junit-jupiter-engine-5.6.2.jar;C:\Users\Henrique\.m2\repository\org\junit\platform\junit-platform-engine\1.6.2\junit-platform-engine-1.6.2.jar;C:\Users\Henrique\.m2\repository\org\mockito\mockito-core\3.3.3\mockito-core-3.3.3.jar;C:\Users\Henrique\.m2\repository\net\bytebuddy\byte-buddy-agent\1.10.14\byte-buddy-agent-1.10.14.jar;C:\Users\Henrique\.m2\repository\org\objenesis\objenesis\2.6\objenesis-2.6.jar;C:\Users\Henrique\.m2\repository\org\mockito\mockito-junit-jupiter\3.3.3\mockito-junit-jupiter-3.3.3.jar;C:\Users\Henrique\.m2\repository\org\skyscreamer\jsonassert\1.5.0\jsonassert-1.5.0.jar;C:\Users\Henrique\.m2\repository\com\vaadin\external\google\android-json\0.0.20131108.vaadin1\android-json-0.0.20131108.vaadin1.jar;C:\Users\Henrique\.m2\repository\org\springframework\spring-core\5.2.9.RELEASE\spring-core-5.2.9.RELEASE.jar;C:\Users\Henrique\.m2\repository\org\springframework\spring-jcl\5.2.9.RELEASE\spring-jcl-5.2.9.RELEASE.jar;C:\Users\Henrique\.m2\repository\org\springframework\spring-test\5.2.9.RELEASE\spring-test-5.2.9.RELEASE.jar;C:\Users\Henrique\.m2\repository\org\xmlunit\xmlunit-core\2.7.0\xmlunit-core-2.7.0.jar;C:\Users\Henrique\.m2\repository\org\hibernate\validator\hibernate-validator\6.1.6.Final\hibernate-validator-6.1.6.Final.jar;C:\Users\Henrique\.m2\repository\jakarta\validation\jakarta.validation-api\2.0.2\jakarta.validation-api-2.0.2.jar;C:\Users\Henrique\.m2\repository\org\jboss\logging\jboss-logging\3.4.1.Final\jboss-logging-3.4.1.Final.jar;C:\Users\Henrique\.m2\repository\com\fasterxml\classmate\1.5.1\classmate-1.5.1.jar;C:\Users\Henrique\.m2\repository\com\github\tomakehurst\wiremock-jre8\2.27.2\wiremock-jre8-2.27.2.jar;C:\Users\Henrique\.m2\repository\org\eclipse\jetty\jetty-server\9.4.31.v20200723\jetty-server-9.4.31.v20200723.jar;C:\Users\Henrique\.m2\repository\javax\servlet\javax.servlet-api\4.0.1\javax.servlet-api-4.0.1.jar;C:\Users\Henrique\.m2\repository\org\eclipse\jetty\jetty-http\9.4.31.v20200723\jetty-http-9.4.31.v20200723.jar;C:\Users\Henrique\.m2\repository\org\eclipse\jetty\jetty-io\9.4.31.v20200723\jetty-io-9.4.31.v20200723.jar;C:\Users\Henrique\.m2\repository\org\eclipse\jetty\jetty-servlet\9.4.31.v20200723\jetty-servlet-9.4.31.v20200723.jar;C:\Users\Henrique\.m2\repository\org\eclipse\jetty\jetty-security\9.4.31.v20200723\jetty-security-9.4.31.v20200723.jar;C:\Users\Henrique\.m2\repository\org\eclipse\jetty\jetty-servlets\9.4.31.v20200723\jetty-servlets-9.4.31.v20200723.jar;C:\Users\Henrique\.m2\repository\org\eclipse\jetty\jetty-continuation\9.4.31.v20200723\jetty-continuation-9.4.31.v20200723.jar;C:\Users\Henrique\.m2\repository\org\eclipse\jetty\jetty-util\9.4.31.v20200723\jetty-util-9.4.31.v20200723.jar;C:\Users\Henrique\.m2\repository\org\eclipse\jetty\jetty-webapp\9.4.31.v20200723\jetty-webapp-9.4.31.v20200723.jar;C:\Users\Henrique\.m2\repository\org\eclipse\jetty\jetty-xml\9.4.31.v20200723\jetty-xml-9.4.31.v20200723.jar;C:\Users\Henrique\.m2\repository\org\eclipse\jetty\jetty-proxy\9.4.31.v20200723\jetty-proxy-9.4.31.v20200723.jar;C:\Users\Henrique\.m2\repository\org\eclipse\jetty\jetty-client\9.4.31.v20200723\jetty-client-9.4.31.v20200723.jar;C:\Users\Henrique\.m2\repository\com\google\guava\guava\29.0-jre\guava-29.0-jre.jar;C:\Users\Henrique\.m2\repository\com\google\guava\failureaccess\1.0.1\failureaccess-1.0.1.jar;C:\Users\Henrique\.m2\repository\com\google\guava\listenablefuture\9999.0-empty-to-avoid-conflict-with-guava\listenablefuture-9999.0-empty-to-avoid-conflict-with-guava.jar;C:\Users\Henrique\.m2\repository\com\google\code\findbugs\jsr305\3.0.2\jsr305-3.0.2.jar;C:\Users\Henrique\.m2\repository\org\checkerframework\checker-qual\2.11.1\checker-qual-2.11.1.jar;C:\Users\Henrique\.m2\repository\com\google\errorprone\error_prone_annotations\2.3.4\error_prone_annotations-2.3.4.jar;C:\Users\Henrique\.m2\repository\com\google\j2objc\j2objc-annotations\1.3\j2objc-annotations-1.3.jar;C:\Users\Henrique\.m2\repository\com\fasterxml\jackson\core\jackson-core\2.11.2\jackson-core-2.11.2.jar;C:\Users\Henrique\.m2\repository\com\fasterxml\jackson\core\jackson-annotations\2.11.2\jackson-annotations-2.11.2.jar;C:\Users\Henrique\.m2\repository\com\fasterxml\jackson\core\jackson-databind\2.11.2\jackson-databind-2.11.2.jar;C:\Users\Henrique\.m2\repository\org\apache\httpcomponents\httpclient\4.5.12\httpclient-4.5.12.jar;C:\Users\Henrique\.m2\repository\org\apache\httpcomponents\httpcore\4.4.13\httpcore-4.4.13.jar;C:\Users\Henrique\.m2\repository\commons-codec\commons-codec\1.14\commons-codec-1.14.jar;C:\Users\Henrique\.m2\repository\org\xmlunit\xmlunit-legacy\2.7.0\xmlunit-legacy-2.7.0.jar;C:\Users\Henrique\.m2\repository\org\xmlunit\xmlunit-placeholders\2.7.0\xmlunit-placeholders-2.7.0.jar;C:\Users\Henrique\.m2\repository\org\ow2\asm\asm\7.0\asm-7.0.jar;C:\Users\Henrique\.m2\repository\org\slf4j\slf4j-api\1.7.30\slf4j-api-1.7.30.jar;C:\Users\Henrique\.m2\repository\net\sf\jopt-simple\jopt-simple\5.0.3\jopt-simple-5.0.3.jar;C:\Users\Henrique\.m2\repository\org\apache\commons\commons-lang3\3.10\commons-lang3-3.10.jar;C:\Users\Henrique\.m2\repository\com\github\jknack\handlebars\4.2.0\handlebars-4.2.0.jar;C:\Users\Henrique\.m2\repository\com\github\jknack\handlebars-helpers\4.2.0\handlebars-helpers-4.2.0.jar;C:\Users\Henrique\.m2\repository\com\flipkart\zjsonpatch\zjsonpatch\0.4.4\zjsonpatch-0.4.4.jar;C:\Users\Henrique\.m2\repository\commons-fileupload\commons-fileupload\1.4\commons-fileupload-1.4.jar;C:\Users\Henrique\.m2\repository\commons-io\commons-io\2.2\commons-io-2.2.jar;C:\Users\Henrique\.m2\repository\org\eclipse\jetty\http2\http2-server\9.4.31.v20200723\http2-server-9.4.31.v20200723.jar;C:\Users\Henrique\.m2\repository\org\eclipse\jetty\http2\http2-common\9.4.31.v20200723\http2-common-9.4.31.v20200723.jar;C:\Users\Henrique\.m2\repository\org\eclipse\jetty\http2\http2-hpack\9.4.31.v20200723\http2-hpack-9.4.31.v20200723.jar;C:\Users\Henrique\.m2\repository\org\eclipse\jetty\jetty-alpn-server\9.4.31.v20200723\jetty-alpn-server-9.4.31.v20200723.jar;C:\Users\Henrique\.m2\repository\org\eclipse\jetty\jetty-alpn-conscrypt-server\9.4.31.v20200723\jetty-alpn-conscrypt-server-9.4.31.v20200723.jar;C:\Users\Henrique\.m2\repository\org\eclipse\jetty\jetty-alpn-conscrypt-client\9.4.31.v20200723\jetty-alpn-conscrypt-client-9.4.31.v20200723.jar;C:\Users\Henrique\.m2\repository\org\eclipse\jetty\jetty-alpn-client\9.4.31.v20200723\jetty-alpn-client-9.4.31.v20200723.jar;C:\Users\Henrique\.m2\repository\org\conscrypt\conscrypt-openjdk-uber\2.2.1\conscrypt-openjdk-uber-2.2.1.jar;C:\Users\Henrique\.m2\repository\net\javacrumbs\json-unit\json-unit-core\2.12.0\json-unit-core-2.12.0.jar;C:\Users\Henrique\.m2\repository\org\opentest4j\opentest4j\1.1.1\opentest4j-1.1.1.jar;C:\Users\Henrique\.m2\repository\org\hamcrest\hamcrest-core\2.2\hamcrest-core-2.2.jar;"/>
    <property name="java.vm.vendor" value="Oracle Corporation"/>
    <property name="sun.arch.data.model" value="64"/>
    <property name="user.variant" value=""/>
    <property name="java.vendor.url" value="https://openjdk.java.net/"/>
    <property name="user.timezone" value="America/Sao_Paulo"/>
    <property name="java.vm.specification.version" value="11"/>
    <property name="os.name" value="Windows 10"/>
    <property name="sun.java.launcher" value="SUN_STANDARD"/>
    <property name="user.country" value="BR"/>
    <property name="sun.boot.library.path" value="C:\Program Files\Java\jdk-11.0.9\bin"/>
    <property name="sun.java.command" value="C:\Users\Henrique\AppData\Local\Temp\surefire12444833737722774271\surefirebooter7728831247595280177.jar C:\Users\Henrique\AppData\Local\Temp\surefire12444833737722774271 2021-04-21T12-40-31_319-jvmRun1 surefire8494456447667000207tmp surefire_0434657444673351344tmp"/>
    <property name="jdk.debug" value="release"/>
    <property name="surefire.test.class.path" value="C:\Users\Henrique\Downloads\Courses-admin\online-courses-admin\src\Online-Courses-Store-Admin\api-courses-store-admin\target\test-classes;C:\Users\Henrique\Downloads\Courses-admin\online-courses-admin\src\Online-Courses-Store-Admin\api-courses-store-admin\target\classes;C:\Users\Henrique\.m2\repository\org\springframework\boot\spring-boot-starter-web\2.3.4.RELEASE\spring-boot-starter-web-2.3.4.RELEASE.jar;C:\Users\Henrique\.m2\repository\org\springframework\boot\spring-boot-starter\2.3.4.RELEASE\spring-boot-starter-2.3.4.RELEASE.jar;C:\Users\Henrique\.m2\repository\org\springframework\boot\spring-boot\2.3.4.RELEASE\spring-boot-2.3.4.RELEASE.jar;C:\Users\Henrique\.m2\repository\org\springframework\boot\spring-boot-autoconfigure\2.3.4.RELEASE\spring-boot-autoconfigure-2.3.4.RELEASE.jar;C:\Users\Henrique\.m2\repository\org\springframework\boot\spring-boot-starter-logging\2.3.4.RELEASE\spring-boot-starter-logging-2.3.4.RELEASE.jar;C:\Users\Henrique\.m2\repository\ch\qos\logback\logback-classic\1.2.3\logback-classic-1.2.3.jar;C:\Users\Henrique\.m2\repository\ch\qos\logback\logback-core\1.2.3\logback-core-1.2.3.jar;C:\Users\Henrique\.m2\repository\org\apache\logging\log4j\log4j-to-slf4j\2.13.3\log4j-to-slf4j-2.13.3.jar;C:\Users\Henrique\.m2\repository\org\apache\logging\log4j\log4j-api\2.13.3\log4j-api-2.13.3.jar;C:\Users\Henrique\.m2\repository\org\slf4j\jul-to-slf4j\1.7.30\jul-to-slf4j-1.7.30.jar;C:\Users\Henrique\.m2\repository\jakarta\annotation\jakarta.annotation-api\1.3.5\jakarta.annotation-api-1.3.5.jar;C:\Users\Henrique\.m2\repository\org\yaml\snakeyaml\1.26\snakeyaml-1.26.jar;C:\Users\Henrique\.m2\repository\org\springframework\boot\spring-boot-starter-json\2.3.4.RELEASE\spring-boot-starter-json-2.3.4.RELEASE.jar;C:\Users\Henrique\.m2\repository\com\fasterxml\jackson\datatype\jackson-datatype-jdk8\2.11.2\jackson-datatype-jdk8-2.11.2.jar;C:\Users\Henrique\.m2\repository\com\fasterxml\jackson\datatype\jackson-datatype-jsr310\2.11.2\jackson-datatype-jsr310-2.11.2.jar;C:\Users\Henrique\.m2\repository\com\fasterxml\jackson\module\jackson-module-parameter-names\2.11.2\jackson-module-parameter-names-2.11.2.jar;C:\Users\Henrique\.m2\repository\org\springframework\boot\spring-boot-starter-tomcat\2.3.4.RELEASE\spring-boot-starter-tomcat-2.3.4.RELEASE.jar;C:\Users\Henrique\.m2\repository\org\apache\tomcat\embed\tomcat-embed-core\9.0.38\tomcat-embed-core-9.0.38.jar;C:\Users\Henrique\.m2\repository\org\glassfish\jakarta.el\3.0.3\jakarta.el-3.0.3.jar;C:\Users\Henrique\.m2\repository\org\apache\tomcat\embed\tomcat-embed-websocket\9.0.38\tomcat-embed-websocket-9.0.38.jar;C:\Users\Henrique\.m2\repository\org\springframework\spring-web\5.2.9.RELEASE\spring-web-5.2.9.RELEASE.jar;C:\Users\Henrique\.m2\repository\org\springframework\spring-beans\5.2.9.RELEASE\spring-beans-5.2.9.RELEASE.jar;C:\Users\Henrique\.m2\repository\org\springframework\spring-webmvc\5.2.9.RELEASE\spring-webmvc-5.2.9.RELEASE.jar;C:\Users\Henrique\.m2\repository\org\springframework\spring-aop\5.2.9.RELEASE\spring-aop-5.2.9.RELEASE.jar;C:\Users\Henrique\.m2\repository\org\springframework\spring-context\5.2.9.RELEASE\spring-context-5.2.9.RELEASE.jar;C:\Users\Henrique\.m2\repository\org\springframework\spring-expression\5.2.9.RELEASE\spring-expression-5.2.9.RELEASE.jar;C:\Users\Henrique\.m2\repository\org\springframework\boot\spring-boot-starter-data-jpa\2.3.4.RELEASE\spring-boot-starter-data-jpa-2.3.4.RELEASE.jar;C:\Users\Henrique\.m2\repository\org\springframework\boot\spring-boot-starter-aop\2.3.4.RELEASE\spring-boot-starter-aop-2.3.4.RELEASE.jar;C:\Users\Henrique\.m2\repository\org\aspectj\aspectjweaver\1.9.6\aspectjweaver-1.9.6.jar;C:\Users\Henrique\.m2\repository\org\springframework\boot\spring-boot-starter-jdbc\2.3.4.RELEASE\spring-boot-starter-jdbc-2.3.4.RELEASE.jar;C:\Users\Henrique\.m2\repository\com\zaxxer\HikariCP\3.4.5\HikariCP-3.4.5.jar;C:\Users\Henrique\.m2\repository\org\springframework\spring-jdbc\5.2.9.RELEASE\spring-jdbc-5.2.9.RELEASE.jar;C:\Users\Henrique\.m2\repository\jakarta\transaction\jakarta.transaction-api\1.3.3\jakarta.transaction-api-1.3.3.jar;C:\Users\Henrique\.m2\repository\jakarta\persistence\jakarta.persistence-api\2.2.3\jakarta.persistence-api-2.2.3.jar;C:\Users\Henrique\.m2\repository\org\hibernate\hibernate-core\5.4.21.Final\hibernate-core-5.4.21.Final.jar;C:\Users\Henrique\.m2\repository\org\javassist\javassist\3.24.0-GA\javassist-3.24.0-GA.jar;C:\Users\Henrique\.m2\repository\net\bytebuddy\byte-buddy\1.10.14\byte-buddy-1.10.14.jar;C:\Users\Henrique\.m2\repository\antlr\antlr\2.7.7\antlr-2.7.7.jar;C:\Users\Henrique\.m2\repository\org\jboss\jandex\2.1.3.Final\jandex-2.1.3.Final.jar;C:\Users\Henrique\.m2\repository\org\dom4j\dom4j\2.1.3\dom4j-2.1.3.jar;C:\Users\Henrique\.m2\repository\org\hibernate\common\hibernate-commons-annotations\5.1.0.Final\hibernate-commons-annotations-5.1.0.Final.jar;C:\Users\Henrique\.m2\repository\org\glassfish\jaxb\jaxb-runtime\2.3.3\jaxb-runtime-2.3.3.jar;C:\Users\Henrique\.m2\repository\org\glassfish\jaxb\txw2\2.3.3\txw2-2.3.3.jar;C:\Users\Henrique\.m2\repository\com\sun\istack\istack-commons-runtime\3.0.11\istack-commons-runtime-3.0.11.jar;C:\Users\Henrique\.m2\repository\com\sun\activation\jakarta.activation\1.2.2\jakarta.activation-1.2.2.jar;C:\Users\Henrique\.m2\repository\org\springframework\data\spring-data-jpa\2.3.4.RELEASE\spring-data-jpa-2.3.4.RELEASE.jar;C:\Users\Henrique\.m2\repository\org\springframework\data\spring-data-commons\2.3.4.RELEASE\spring-data-commons-2.3.4.RELEASE.jar;C:\Users\Henrique\.m2\repository\org\springframework\spring-orm\5.2.9.RELEASE\spring-orm-5.2.9.RELEASE.jar;C:\Users\Henrique\.m2\repository\org\springframework\spring-tx\5.2.9.RELEASE\spring-tx-5.2.9.RELEASE.jar;C:\Users\Henrique\.m2\repository\org\springframework\spring-aspects\5.2.9.RELEASE\spring-aspects-5.2.9.RELEASE.jar;C:\Users\Henrique\.m2\repository\com\h2database\h2\1.4.200\h2-1.4.200.jar;C:\Users\Henrique\.m2\repository\org\springframework\boot\spring-boot-starter-test\2.3.4.RELEASE\spring-boot-starter-test-2.3.4.RELEASE.jar;C:\Users\Henrique\.m2\repository\org\springframework\boot\spring-boot-test\2.3.4.RELEASE\spring-boot-test-2.3.4.RELEASE.jar;C:\Users\Henrique\.m2\repository\org\springframework\boot\spring-boot-test-autoconfigure\2.3.4.RELEASE\spring-boot-test-autoconfigure-2.3.4.RELEASE.jar;C:\Users\Henrique\.m2\repository\com\jayway\jsonpath\json-path\2.4.0\json-path-2.4.0.jar;C:\Users\Henrique\.m2\repository\net\minidev\json-smart\2.3\json-smart-2.3.jar;C:\Users\Henrique\.m2\repository\net\minidev\accessors-smart\1.2\accessors-smart-1.2.jar;C:\Users\Henrique\.m2\repository\jakarta\xml\bind\jakarta.xml.bind-api\2.3.3\jakarta.xml.bind-api-2.3.3.jar;C:\Users\Henrique\.m2\repository\jakarta\activation\jakarta.activation-api\1.2.2\jakarta.activation-api-1.2.2.jar;C:\Users\Henrique\.m2\repository\org\assertj\assertj-core\3.16.1\assertj-core-3.16.1.jar;C:\Users\Henrique\.m2\repository\org\hamcrest\hamcrest\2.2\hamcrest-2.2.jar;C:\Users\Henrique\.m2\repository\org\junit\jupiter\junit-jupiter\5.6.2\junit-jupiter-5.6.2.jar;C:\Users\Henrique\.m2\repository\org\junit\jupiter\junit-jupiter-api\5.6.2\junit-jupiter-api-5.6.2.jar;C:\Users\Henrique\.m2\repository\org\apiguardian\apiguardian-api\1.1.0\apiguardian-api-1.1.0.jar;C:\Users\Henrique\.m2\repository\org\junit\platform\junit-platform-commons\1.6.2\junit-platform-commons-1.6.2.jar;C:\Users\Henrique\.m2\repository\org\junit\jupiter\junit-jupiter-params\5.6.2\junit-jupiter-params-5.6.2.jar;C:\Users\Henrique\.m2\repository\org\junit\jupiter\junit-jupiter-engine\5.6.2\junit-jupiter-engine-5.6.2.jar;C:\Users\Henrique\.m2\repository\org\junit\platform\junit-platform-engine\1.6.2\junit-platform-engine-1.6.2.jar;C:\Users\Henrique\.m2\repository\org\mockito\mockito-core\3.3.3\mockito-core-3.3.3.jar;C:\Users\Henrique\.m2\repository\net\bytebuddy\byte-buddy-agent\1.10.14\byte-buddy-agent-1.10.14.jar;C:\Users\Henrique\.m2\repository\org\objenesis\objenesis\2.6\objenesis-2.6.jar;C:\Users\Henrique\.m2\repository\org\mockito\mockito-junit-jupiter\3.3.3\mockito-junit-jupiter-3.3.3.jar;C:\Users\Henrique\.m2\repository\org\skyscreamer\jsonassert\1.5.0\jsonassert-1.5.0.jar;C:\Users\Henrique\.m2\repository\com\vaadin\external\google\android-json\0.0.20131108.vaadin1\android-json-0.0.20131108.vaadin1.jar;C:\Users\Henrique\.m2\repository\org\springframework\spring-core\5.2.9.RELEASE\spring-core-5.2.9.RELEASE.jar;C:\Users\Henrique\.m2\repository\org\springframework\spring-jcl\5.2.9.RELEASE\spring-jcl-5.2.9.RELEASE.jar;C:\Users\Henrique\.m2\repository\org\springframework\spring-test\5.2.9.RELEASE\spring-test-5.2.9.RELEASE.jar;C:\Users\Henrique\.m2\repository\org\xmlunit\xmlunit-core\2.7.0\xmlunit-core-2.7.0.jar;C:\Users\Henrique\.m2\repository\org\hibernate\validator\hibernate-validator\6.1.6.Final\hibernate-validator-6.1.6.Final.jar;C:\Users\Henrique\.m2\repository\jakarta\validation\jakarta.validation-api\2.0.2\jakarta.validation-api-2.0.2.jar;C:\Users\Henrique\.m2\repository\org\jboss\logging\jboss-logging\3.4.1.Final\jboss-logging-3.4.1.Final.jar;C:\Users\Henrique\.m2\repository\com\fasterxml\classmate\1.5.1\classmate-1.5.1.jar;C:\Users\Henrique\.m2\repository\com\github\tomakehurst\wiremock-jre8\2.27.2\wiremock-jre8-2.27.2.jar;C:\Users\Henrique\.m2\repository\org\eclipse\jetty\jetty-server\9.4.31.v20200723\jetty-server-9.4.31.v20200723.jar;C:\Users\Henrique\.m2\repository\javax\servlet\javax.servlet-api\4.0.1\javax.servlet-api-4.0.1.jar;C:\Users\Henrique\.m2\repository\org\eclipse\jetty\jetty-http\9.4.31.v20200723\jetty-http-9.4.31.v20200723.jar;C:\Users\Henrique\.m2\repository\org\eclipse\jetty\jetty-io\9.4.31.v20200723\jetty-io-9.4.31.v20200723.jar;C:\Users\Henrique\.m2\repository\org\eclipse\jetty\jetty-servlet\9.4.31.v20200723\jetty-servlet-9.4.31.v20200723.jar;C:\Users\Henrique\.m2\repository\org\eclipse\jetty\jetty-security\9.4.31.v20200723\jetty-security-9.4.31.v20200723.jar;C:\Users\Henrique\.m2\repository\org\eclipse\jetty\jetty-servlets\9.4.31.v20200723\jetty-servlets-9.4.31.v20200723.jar;C:\Users\Henrique\.m2\repository\org\eclipse\jetty\jetty-continuation\9.4.31.v20200723\jetty-continuation-9.4.31.v20200723.jar;C:\Users\Henrique\.m2\repository\org\eclipse\jetty\jetty-util\9.4.31.v20200723\jetty-util-9.4.31.v20200723.jar;C:\Users\Henrique\.m2\repository\org\eclipse\jetty\jetty-webapp\9.4.31.v20200723\jetty-webapp-9.4.31.v20200723.jar;C:\Users\Henrique\.m2\repository\org\eclipse\jetty\jetty-xml\9.4.31.v20200723\jetty-xml-9.4.31.v20200723.jar;C:\Users\Henrique\.m2\repository\org\eclipse\jetty\jetty-proxy\9.4.31.v20200723\jetty-proxy-9.4.31.v20200723.jar;C:\Users\Henrique\.m2\repository\org\eclipse\jetty\jetty-client\9.4.31.v20200723\jetty-client-9.4.31.v20200723.jar;C:\Users\Henrique\.m2\repository\com\google\guava\guava\29.0-jre\guava-29.0-jre.jar;C:\Users\Henrique\.m2\repository\com\google\guava\failureaccess\1.0.1\failureaccess-1.0.1.jar;C:\Users\Henrique\.m2\repository\com\google\guava\listenablefuture\9999.0-empty-to-avoid-conflict-with-guava\listenablefuture-9999.0-empty-to-avoid-conflict-with-guava.jar;C:\Users\Henrique\.m2\repository\com\google\code\findbugs\jsr305\3.0.2\jsr305-3.0.2.jar;C:\Users\Henrique\.m2\repository\org\checkerframework\checker-qual\2.11.1\checker-qual-2.11.1.jar;C:\Users\Henrique\.m2\repository\com\google\errorprone\error_prone_annotations\2.3.4\error_prone_annotations-2.3.4.jar;C:\Users\Henrique\.m2\repository\com\google\j2objc\j2objc-annotations\1.3\j2objc-annotations-1.3.jar;C:\Users\Henrique\.m2\repository\com\fasterxml\jackson\core\jackson-core\2.11.2\jackson-core-2.11.2.jar;C:\Users\Henrique\.m2\repository\com\fasterxml\jackson\core\jackson-annotations\2.11.2\jackson-annotations-2.11.2.jar;C:\Users\Henrique\.m2\repository\com\fasterxml\jackson\core\jackson-databind\2.11.2\jackson-databind-2.11.2.jar;C:\Users\Henrique\.m2\repository\org\apache\httpcomponents\httpclient\4.5.12\httpclient-4.5.12.jar;C:\Users\Henrique\.m2\repository\org\apache\httpcomponents\httpcore\4.4.13\httpcore-4.4.13.jar;C:\Users\Henrique\.m2\repository\commons-codec\commons-codec\1.14\commons-codec-1.14.jar;C:\Users\Henrique\.m2\repository\org\xmlunit\xmlunit-legacy\2.7.0\xmlunit-legacy-2.7.0.jar;C:\Users\Henrique\.m2\repository\org\xmlunit\xmlunit-placeholders\2.7.0\xmlunit-placeholders-2.7.0.jar;C:\Users\Henrique\.m2\repository\org\ow2\asm\asm\7.0\asm-7.0.jar;C:\Users\Henrique\.m2\repository\org\slf4j\slf4j-api\1.7.30\slf4j-api-1.7.30.jar;C:\Users\Henrique\.m2\repository\net\sf\jopt-simple\jopt-simple\5.0.3\jopt-simple-5.0.3.jar;C:\Users\Henrique\.m2\repository\org\apache\commons\commons-lang3\3.10\commons-lang3-3.10.jar;C:\Users\Henrique\.m2\repository\com\github\jknack\handlebars\4.2.0\handlebars-4.2.0.jar;C:\Users\Henrique\.m2\repository\com\github\jknack\handlebars-helpers\4.2.0\handlebars-helpers-4.2.0.jar;C:\Users\Henrique\.m2\repository\com\flipkart\zjsonpatch\zjsonpatch\0.4.4\zjsonpatch-0.4.4.jar;C:\Users\Henrique\.m2\repository\commons-fileupload\commons-fileupload\1.4\commons-fileupload-1.4.jar;C:\Users\Henrique\.m2\repository\commons-io\commons-io\2.2\commons-io-2.2.jar;C:\Users\Henrique\.m2\repository\org\eclipse\jetty\http2\http2-server\9.4.31.v20200723\http2-server-9.4.31.v20200723.jar;C:\Users\Henrique\.m2\repository\org\eclipse\jetty\http2\http2-common\9.4.31.v20200723\http2-common-9.4.31.v20200723.jar;C:\Users\Henrique\.m2\repository\org\eclipse\jetty\http2\http2-hpack\9.4.31.v20200723\http2-hpack-9.4.31.v20200723.jar;C:\Users\Henrique\.m2\repository\org\eclipse\jetty\jetty-alpn-server\9.4.31.v20200723\jetty-alpn-server-9.4.31.v20200723.jar;C:\Users\Henrique\.m2\repository\org\eclipse\jetty\jetty-alpn-conscrypt-server\9.4.31.v20200723\jetty-alpn-conscrypt-server-9.4.31.v20200723.jar;C:\Users\Henrique\.m2\repository\org\eclipse\jetty\jetty-alpn-conscrypt-client\9.4.31.v20200723\jetty-alpn-conscrypt-client-9.4.31.v20200723.jar;C:\Users\Henrique\.m2\repository\org\eclipse\jetty\jetty-alpn-client\9.4.31.v20200723\jetty-alpn-client-9.4.31.v20200723.jar;C:\Users\Henrique\.m2\repository\org\conscrypt\conscrypt-openjdk-uber\2.2.1\conscrypt-openjdk-uber-2.2.1.jar;C:\Users\Henrique\.m2\repository\net\javacrumbs\json-unit\json-unit-core\2.12.0\json-unit-core-2.12.0.jar;C:\Users\Henrique\.m2\repository\org\opentest4j\opentest4j\1.1.1\opentest4j-1.1.1.jar;C:\Users\Henrique\.m2\repository\org\hamcrest\hamcrest-core\2.2\hamcrest-core-2.2.jar;"/>
    <property name="sun.cpu.endian" value="little"/>
    <property name="user.home" value="C:\Users\Henrique"/>
    <property name="user.language" value="pt"/>
    <property name="java.specification.vendor" value="Oracle Corporation"/>
    <property name="java.version.date" value="2020-10-20"/>
    <property name="java.home" value="C:\Program Files\Java\jdk-11.0.9"/>
    <property name="file.separator" value="\"/>
    <property name="basedir" value="C:\Users\Henrique\Downloads\Courses-admin\online-courses-admin\src\Online-Courses-Store-Admin\api-courses-store-admin"/>
    <property name="java.vm.compressedOopsMode" value="32-bit"/>
    <property name="line.separator" value="&#10;"/>
    <property name="java.specification.name" value="Java Platform API Specification"/>
    <property name="java.vm.specification.vendor" value="Oracle Corporation"/>
    <property name="java.awt.graphicsenv" value="sun.awt.Win32GraphicsEnvironment"/>
    <property name="surefire.real.class.path" value="C:\Users\Henrique\AppData\Local\Temp\surefire12444833737722774271\surefirebooter7728831247595280177.jar"/>
    <property name="user.script" value=""/>
    <property name="sun.management.compiler" value="HotSpot 64-Bit Tiered Compilers"/>
    <property name="java.runtime.version" value="11.0.9+7-LTS"/>
    <property name="user.name" value="Henrique"/>
    <property name="path.separator" value=";"/>
    <property name="os.version" value="10.0"/>
    <property name="java.runtime.name" value="Java(TM) SE Runtime Environment"/>
    <property name="file.encoding" value="Cp1252"/>
    <property name="java.vm.name" value="Java HotSpot(TM) 64-Bit Server VM"/>
    <property name="java.vendor.version" value="18.9"/>
    <property name="localRepository" value="C:\Users\Henrique\.m2\repository"/>
    <property name="java.vendor.url.bug" value="https://bugreport.java.com/bugreport/"/>
    <property name="java.io.tmpdir" value="C:\Users\Henrique\AppData\Local\Temp\"/>
    <property name="idea.version" value="2020.2.3"/>
    <property name="java.version" value="11.0.9"/>
    <property name="user.dir" value="C:\Users\Henrique\Downloads\Courses-admin\online-courses-admin\src\Online-Courses-Store-Admin\api-courses-store-admin"/>
    <property name="os.arch" value="amd64"/>
    <property name="java.vm.specification.name" value="Java Virtual Machine Specification"/>
    <property name="java.awt.printerjob" value="sun.awt.windows.WPrinterJob"/>
    <property name="sun.os.patch.level" value=""/>
    <property name="java.library.path" value="C:\Program Files\Java\jdk-11.0.9\bin;C:\WINDOWS\Sun\Java\bin;C:\WINDOWS\system32;C:\WINDOWS;C:\Program Files\Common Files\Oracle\Java\javapath;C:\WINDOWS\system32;C:\WINDOWS;C:\WINDOWS\System32\Wbem;C:\WINDOWS\System32\WindowsPowerShell\v1.0\;C:\WINDOWS\System32\OpenSSH\;C:\Program Files\dotnet\;C:\Program Files\Microsoft SQL Server\130\Tools\Binn\;C:\Program Files\Microsoft SQL Server\Client SDK\ODBC\170\Tools\Binn\;C:\Program Files\nodejs\;C:\xampp\php;C:\ProgramData\ComposerSetup\bin;C:\Program Files\Git\cmd;C:\Program Files (x86)\IncrediBuild;C:\Program Files\Git LFS;C:\Program Files\PuTTY\;C:\Program Files\Docker\Docker\resources\bin;C:\ProgramData\DockerDesktop\version-bin;C:\Users\Henrique\AppData\Local\Programs\Python\Python38-32\Scripts\;C:\Users\Henrique\AppData\Local\Programs\Python\Python38-32\;C:\Users\Henrique\AppData\Local\Microsoft\WindowsApps;C:\Users\Henrique\AppData\Local\Programs\Microsoft VS Code\bin;C:\Users\Henrique\AppData\Roaming\npm;C:\Users\Henrique\AppData\Roaming\Composer\vendor\bin;C:\Users\Henrique\.dotnet\tools;C:\Users\Henrique\AppData\Local\GitHubDesktop\bin;."/>
    <property name="java.vendor" value="Oracle Corporation"/>
    <property name="java.vm.info" value="mixed mode"/>
    <property name="java.vm.version" value="11.0.9+7-LTS"/>
    <property name="sun.io.unicode.encoding" value="UnicodeLittle"/>
    <property name="java.class.version" value="55.0"/>
  </properties>
  <testcase name="Given_a_valid_Request_to_delete_a_Acquired_Course_by_Customer_When_its_requested_to_delete_the_Acquired_Course_Then_response_with_the_status_OK" classname="com.coursesstore.admin.adapters.http.customer.delete.DeleteCustomerControllerTest" time="0.137">
    <error message="Request processing failed; nested exception is org.springframework.dao.InvalidDataAccessResourceUsageException: could not prepare statement; SQL [SELECT * FROM TB_ACQUIRED_COURSE WHERE id_acquired_course = ?]; nested exception is org.hibernate.exception.SQLGrammarException: could not prepare statement" type="org.springframework.web.util.NestedServletException">org.springframework.web.util.NestedServletException: Request processing failed; nested exception is org.springframework.dao.InvalidDataAccessResourceUsageException: could not prepare statement; SQL [SELECT * FROM TB_ACQUIRED_COURSE WHERE id_acquired_course = ?]; nested exception is org.hibernate.exception.SQLGrammarException: could not prepare statement
	at com.coursesstore.admin.adapters.http.customer.delete.DeleteCustomerControllerTest.Given_a_valid_Request_to_delete_a_Acquired_Course_by_Customer_When_its_requested_to_delete_the_Acquired_Course_Then_response_with_the_status_OK(DeleteCustomerControllerTest.java:71)
Caused by: org.springframework.dao.InvalidDataAccessResourceUsageException: could not prepare statement; SQL [SELECT * FROM TB_ACQUIRED_COURSE WHERE id_acquired_course = ?]; nested exception is org.hibernate.exception.SQLGrammarException: could not prepare statement
	at com.coursesstore.admin.adapters.http.customer.delete.DeleteCustomerControllerTest.Given_a_valid_Request_to_delete_a_Acquired_Course_by_Customer_When_its_requested_to_delete_the_Acquired_Course_Then_response_with_the_status_OK(DeleteCustomerControllerTest.java:71)
Caused by: org.hibernate.exception.SQLGrammarException: could not prepare statement
	at com.coursesstore.admin.adapters.http.customer.delete.DeleteCustomerControllerTest.Given_a_valid_Request_to_delete_a_Acquired_Course_by_Customer_When_its_requested_to_delete_the_Acquired_Course_Then_response_with_the_status_OK(DeleteCustomerControllerTest.java:71)
Caused by: org.h2.jdbc.JdbcSQLSyntaxErrorException: 
Column "ID_ACQUIRED_COURSE" not found; SQL statement:
SELECT * FROM TB_ACQUIRED_COURSE WHERE id_acquired_course = ? [42122-200]
	at com.coursesstore.admin.adapters.http.customer.delete.DeleteCustomerControllerTest.Given_a_valid_Request_to_delete_a_Acquired_Course_by_Customer_When_its_requested_to_delete_the_Acquired_Course_Then_response_with_the_status_OK(DeleteCustomerControllerTest.java:71)
</error>
    <system-out><![CDATA[2021-04-21 12:41:00.945  INFO 17492 --- [           main] .b.t.c.SpringBootTestContextBootstrapper : Neither @ContextConfiguration nor @ContextHierarchy found for test class [com.coursesstore.admin.adapters.http.customer.delete.DeleteCustomerControllerTest], using SpringBootContextLoader
2021-04-21 12:41:00.946  INFO 17492 --- [           main] o.s.t.c.support.AbstractContextLoader    : Could not detect default resource locations for test class [com.coursesstore.admin.adapters.http.customer.delete.DeleteCustomerControllerTest]: no resource found for suffixes {-context.xml, Context.groovy}.
2021-04-21 12:41:00.947  INFO 17492 --- [           main] t.c.s.AnnotationConfigContextLoaderUtils : Could not detect default configuration classes for test class [com.coursesstore.admin.adapters.http.customer.delete.DeleteCustomerControllerTest]: DeleteCustomerControllerTest does not declare any static, non-private, non-final, nested classes annotated with @Configuration.
2021-04-21 12:41:00.978  INFO 17492 --- [           main] .b.t.c.SpringBootTestContextBootstrapper : Found @SpringBootConfiguration com.coursesstore.admin.Application for test class com.coursesstore.admin.adapters.http.customer.delete.DeleteCustomerControllerTest
2021-04-21 12:41:00.982  INFO 17492 --- [           main] .b.t.c.SpringBootTestContextBootstrapper : Loaded default TestExecutionListener class names from location [META-INF/spring.factories]: [org.springframework.boot.test.mock.mockito.MockitoTestExecutionListener, org.springframework.boot.test.mock.mockito.ResetMocksTestExecutionListener, org.springframework.boot.test.autoconfigure.restdocs.RestDocsTestExecutionListener, org.springframework.boot.test.autoconfigure.web.client.MockRestServiceServerResetTestExecutionListener, org.springframework.boot.test.autoconfigure.web.servlet.MockMvcPrintOnlyOnFailureTestExecutionListener, org.springframework.boot.test.autoconfigure.web.servlet.WebDriverTestExecutionListener, org.springframework.boot.test.autoconfigure.webservices.client.MockWebServiceServerTestExecutionListener, org.springframework.test.context.web.ServletTestExecutionListener, org.springframework.test.context.support.DirtiesContextBeforeModesTestExecutionListener, org.springframework.test.context.support.DependencyInjectionTestExecutionListener, org.springframework.test.context.support.DirtiesContextTestExecutionListener, org.springframework.test.context.transaction.TransactionalTestExecutionListener, org.springframework.test.context.jdbc.SqlScriptsTestExecutionListener, org.springframework.test.context.event.EventPublishingTestExecutionListener]
2021-04-21 12:41:00.984  INFO 17492 --- [           main] .b.t.c.SpringBootTestContextBootstrapper : Using TestExecutionListeners: [org.springframework.test.context.web.ServletTestExecutionListener@619b7436, org.springframework.test.context.support.DirtiesContextBeforeModesTestExecutionListener@6af0407c, org.springframework.boot.test.mock.mockito.MockitoTestExecutionListener@71c1ca1, org.springframework.boot.test.autoconfigure.SpringBootDependencyInjectionTestExecutionListener@20cf3ab3, org.springframework.test.context.support.DirtiesContextTestExecutionListener@1acfc058, org.springframework.test.context.transaction.TransactionalTestExecutionListener@725490dd, org.springframework.test.context.jdbc.SqlScriptsTestExecutionListener@15ca7322, org.springframework.test.context.event.EventPublishingTestExecutionListener@4c89c98a, org.springframework.boot.test.mock.mockito.ResetMocksTestExecutionListener@28200d43, org.springframework.boot.test.autoconfigure.restdocs.RestDocsTestExecutionListener@7e24a2e2, org.springframework.boot.test.autoconfigure.web.client.MockRestServiceServerResetTestExecutionListener@38318d67, org.springframework.boot.test.autoconfigure.web.servlet.MockMvcPrintOnlyOnFailureTestExecutionListener@3af6c672, org.springframework.boot.test.autoconfigure.web.servlet.WebDriverTestExecutionListener@12948e7a, org.springframework.boot.test.autoconfigure.webservices.client.MockWebServiceServerTestExecutionListener@497c1d78]

  .   ____          _            __ _ _
 /\\ / ___'_ __ _ _(_)_ __  __ _ \ \ \ \
( ( )\___ | '_ | '_| | '_ \/ _` | \ \ \ \
 \\/  ___)| |_)| | | | | || (_| |  ) ) ) )
  '  |____| .__|_| |_|_| |_\__, | / / / /
 =========|_|==============|___/=/_/_/_/
 :: Spring Boot ::        (v2.3.4.RELEASE)

2021-04-21 12:41:01.059  INFO 17492 --- [           main] c.a.a.h.c.d.DeleteCustomerControllerTest : Starting DeleteCustomerControllerTest on DESKTOP-GUVU8R0 with PID 17492 (started by Henrique in C:\Users\Henrique\Downloads\Courses-admin\online-courses-admin\src\Online-Courses-Store-Admin\api-courses-store-admin)
2021-04-21 12:41:01.060  INFO 17492 --- [           main] c.a.a.h.c.d.DeleteCustomerControllerTest : The following profiles are active: test
2021-04-21 12:41:01.768  INFO 17492 --- [           main] .s.d.r.c.RepositoryConfigurationDelegate : Bootstrapping Spring Data JPA repositories in DEFERRED mode.
2021-04-21 12:41:01.968  INFO 17492 --- [           main] .s.d.r.c.RepositoryConfigurationDelegate : Finished Spring Data repository scanning in 196ms. Found 5 JPA repository interfaces.
2021-04-21 12:41:02.245  INFO 17492 --- [           main] o.s.b.w.embedded.tomcat.TomcatWebServer  : Tomcat initialized with port(s): 8109 (http)
2021-04-21 12:41:02.247  INFO 17492 --- [           main] o.apache.catalina.core.StandardService   : Starting service [Tomcat]
2021-04-21 12:41:02.248  INFO 17492 --- [           main] org.apache.catalina.core.StandardEngine  : Starting Servlet engine: [Apache Tomcat/9.0.38]
2021-04-21 12:41:02.303  INFO 17492 --- [           main] o.a.c.c.C.[Tomcat-3].[localhost].[/]     : Initializing Spring embedded WebApplicationContext
2021-04-21 12:41:02.304  INFO 17492 --- [           main] w.s.c.ServletWebServerApplicationContext : Root WebApplicationContext: initialization completed in 1231 ms
2021-04-21 12:41:02.376  INFO 17492 --- [           main] com.zaxxer.hikari.HikariDataSource       : HikariPool-4 - Starting...
2021-04-21 12:41:02.380  INFO 17492 --- [           main] com.zaxxer.hikari.HikariDataSource       : HikariPool-4 - Start completed.
2021-04-21 12:41:02.380  INFO 17492 --- [           main] o.s.b.a.h2.H2ConsoleAutoConfiguration    : H2 console available at '/h2-console'. Database available at 'jdbc:h2:file:./db/testdb3'
2021-04-21 12:41:02.544  INFO 17492 --- [           main] o.s.s.concurrent.ThreadPoolTaskExecutor  : Initializing ExecutorService 'applicationTaskExecutor'
2021-04-21 12:41:02.648  INFO 17492 --- [         task-1] o.hibernate.jpa.internal.util.LogHelper  : HHH000204: Processing PersistenceUnitInfo [name: default]
2021-04-21 12:41:02.661  INFO 17492 --- [         task-1] org.hibernate.dialect.Dialect            : HHH000400: Using dialect: org.hibernate.dialect.H2Dialect
2021-04-21 12:41:02.711  WARN 17492 --- [         task-1] org.hibernate.mapping.RootClass          : HHH000038: Composite-id class does not override equals(): com.coursesstore.admin.adapters.database.course.acquired.model.AcquiredCourseKey
2021-04-21 12:41:02.713  WARN 17492 --- [         task-1] org.hibernate.mapping.RootClass          : HHH000039: Composite-id class does not override hashCode(): com.coursesstore.admin.adapters.database.course.acquired.model.AcquiredCourseKey
2021-04-21 12:41:02.716  WARN 17492 --- [         task-1] org.hibernate.mapping.RootClass          : HHH000038: Composite-id class does not override equals(): com.coursesstore.admin.adapters.database.course.acquired.model.AcquiredCourseKey
2021-04-21 12:41:02.717  WARN 17492 --- [         task-1] org.hibernate.mapping.RootClass          : HHH000039: Composite-id class does not override hashCode(): com.coursesstore.admin.adapters.database.course.acquired.model.AcquiredCourseKey
Hibernate: drop table if exists tb_acquired_course CASCADE 
Hibernate: drop table if exists tb_course CASCADE 
Hibernate: drop table if exists tb_customer CASCADE 
Hibernate: drop table if exists tb_desired_course CASCADE 
Hibernate: drop table if exists tb_teacher CASCADE 
Hibernate: create table tb_acquired_course (course_id varchar(255) not null, customer_id varchar(255) not null, acquisition_date date, value_paid decimal(19,2), primary key (course_id, customer_id))
Hibernate: create table tb_course (id_course varchar(255) not null, name varchar(255), original_value decimal(19,2), teacher_responsible_id_teacher varchar(255), primary key (id_course))
Hibernate: create table tb_customer (id_customer varchar(255) not null, company varchar(255), email varchar(255), firstname varchar(255), lastname varchar(255), linked_in varchar(255), phone varchar(255), position varchar(255), primary key (id_customer))
Hibernate: create table tb_desired_course (course_id varchar(255) not null, customer_id varchar(255) not null, desire_date date, desire_description varchar(255), primary key (course_id, customer_id))
Hibernate: create table tb_teacher (id_teacher varchar(255) not null, name varchar(255), primary key (id_teacher))
Hibernate: alter table tb_acquired_course add constraint FKs3fyd88psxii3tog9876xy022 foreign key (course_id) references tb_course
Hibernate: alter table tb_acquired_course add constraint FKnvildj8k8wmmesbx0p36jcaff foreign key (customer_id) references tb_customer
Hibernate: alter table tb_course add constraint FK5dp85c5gnp4xuqufk4xgrhbo5 foreign key (teacher_responsible_id_teacher) references tb_teacher
Hibernate: alter table tb_desired_course add constraint FKxxmmndv74y3hj7uij0mdpkuf foreign key (course_id) references tb_course
Hibernate: alter table tb_desired_course add constraint FKhat0udt6wu9k7osx9xxbdj9ld foreign key (customer_id) references tb_customer
2021-04-21 12:41:02.946  INFO 17492 --- [         task-1] o.h.e.t.j.p.i.JtaPlatformInitiator       : HHH000490: Using JtaPlatform implementation: [org.hibernate.engine.transaction.jta.platform.internal.NoJtaPlatform]
2021-04-21 12:41:02.947  INFO 17492 --- [         task-1] j.LocalContainerEntityManagerFactoryBean : Initialized JPA EntityManagerFactory for persistence unit 'default'
2021-04-21 12:41:02.991  WARN 17492 --- [           main] JpaBaseConfiguration$JpaWebConfiguration : spring.jpa.open-in-view is enabled by default. Therefore, database queries may be performed during view rendering. Explicitly configure spring.jpa.open-in-view to disable this warning
2021-04-21 12:41:03.676  INFO 17492 --- [           main] o.a.c.c.C.[Tomcat-3].[localhost].[/]     : Initializing Spring TestDispatcherServlet ''
2021-04-21 12:41:03.677  INFO 17492 --- [           main] o.s.t.web.servlet.TestDispatcherServlet  : Initializing Servlet ''
2021-04-21 12:41:03.697  INFO 17492 --- [           main] o.s.t.web.servlet.TestDispatcherServlet  : Completed initialization in 20 ms
2021-04-21 12:41:03.719  INFO 17492 --- [           main] o.s.b.w.embedded.tomcat.TomcatWebServer  : Tomcat started on port(s): 8109 (http) with context path ''
2021-04-21 12:41:03.721  INFO 17492 --- [           main] DeferredRepositoryInitializationListener : Triggering deferred initialization of Spring Data repositories…
2021-04-21 12:41:03.854  INFO 17492 --- [           main] DeferredRepositoryInitializationListener : Spring Data repositories initialized!
2021-04-21 12:41:03.858  INFO 17492 --- [           main] c.a.a.h.c.d.DeleteCustomerControllerTest : Started DeleteCustomerControllerTest in 2.868 seconds (JVM running for 31.628)
Hibernate: select customermo0_.id_customer as id_custo1_2_0_, customermo0_.company as company2_2_0_, customermo0_.email as email3_2_0_, customermo0_.firstname as firstnam4_2_0_, customermo0_.lastname as lastname5_2_0_, customermo0_.linked_in as linked_i6_2_0_, customermo0_.phone as phone7_2_0_, customermo0_.position as position8_2_0_ from tb_customer customermo0_ where customermo0_.id_customer=?
Hibernate: insert into tb_customer (company, email, firstname, lastname, linked_in, phone, position, id_customer) values (?, ?, ?, ?, ?, ?, ?, ?)
Hibernate: select customermo0_.id_customer as id_custo1_2_0_, customermo0_.company as company2_2_0_, customermo0_.email as email3_2_0_, customermo0_.firstname as firstnam4_2_0_, customermo0_.lastname as lastname5_2_0_, customermo0_.linked_in as linked_i6_2_0_, customermo0_.phone as phone7_2_0_, customermo0_.position as position8_2_0_ from tb_customer customermo0_ where customermo0_.id_customer=?
Hibernate: insert into tb_customer (company, email, firstname, lastname, linked_in, phone, position, id_customer) values (?, ?, ?, ?, ?, ?, ?, ?)
Hibernate: select teachermod0_.id_teacher as id_teach1_4_0_, teachermod0_.name as name2_4_0_ from tb_teacher teachermod0_ where teachermod0_.id_teacher=?
Hibernate: insert into tb_teacher (name, id_teacher) values (?, ?)
Hibernate: select coursemode0_.id_course as id_cours1_1_0_, coursemode0_.name as name2_1_0_, coursemode0_.original_value as original3_1_0_, coursemode0_.teacher_responsible_id_teacher as teacher_4_1_0_ from tb_course coursemode0_ where coursemode0_.id_course=?
Hibernate: select teachermod0_.id_teacher as id_teach1_4_0_, teachermod0_.name as name2_4_0_ from tb_teacher teachermod0_ where teachermod0_.id_teacher=?
Hibernate: insert into tb_course (name, original_value, teacher_responsible_id_teacher, id_course) values (?, ?, ?, ?)
Hibernate: select coursemode0_.id_course as id_cours1_1_0_, coursemode0_.name as name2_1_0_, coursemode0_.original_value as original3_1_0_, coursemode0_.teacher_responsible_id_teacher as teacher_4_1_0_ from tb_course coursemode0_ where coursemode0_.id_course=?
Hibernate: select teachermod0_.id_teacher as id_teach1_4_0_, teachermod0_.name as name2_4_0_ from tb_teacher teachermod0_ where teachermod0_.id_teacher=?
Hibernate: insert into tb_course (name, original_value, teacher_responsible_id_teacher, id_course) values (?, ?, ?, ?)
Hibernate: select acquiredco0_.course_id as course_i1_0_0_, acquiredco0_.customer_id as customer2_0_0_, acquiredco0_.acquisition_date as acquisit3_0_0_, acquiredco0_.value_paid as value_pa4_0_0_ from tb_acquired_course acquiredco0_ where acquiredco0_.course_id=? and acquiredco0_.customer_id=?
Hibernate: select coursemode0_.id_course as id_cours1_1_0_, coursemode0_.name as name2_1_0_, coursemode0_.original_value as original3_1_0_, coursemode0_.teacher_responsible_id_teacher as teacher_4_1_0_, teachermod1_.id_teacher as id_teach1_4_1_, teachermod1_.name as name2_4_1_ from tb_course coursemode0_ left outer join tb_teacher teachermod1_ on coursemode0_.teacher_responsible_id_teacher=teachermod1_.id_teacher where coursemode0_.id_course=?
Hibernate: select customermo0_.id_customer as id_custo1_2_0_, customermo0_.company as company2_2_0_, customermo0_.email as email3_2_0_, customermo0_.firstname as firstnam4_2_0_, customermo0_.lastname as lastname5_2_0_, customermo0_.linked_in as linked_i6_2_0_, customermo0_.phone as phone7_2_0_, customermo0_.position as position8_2_0_ from tb_customer customermo0_ where customermo0_.id_customer=?
Hibernate: insert into tb_acquired_course (acquisition_date, value_paid, course_id, customer_id) values (?, ?, ?, ?)
Hibernate: select desiredcou0_.course_id as course_i1_3_0_, desiredcou0_.customer_id as customer2_3_0_, desiredcou0_.desire_date as desire_d3_3_0_, desiredcou0_.desire_description as desire_d4_3_0_ from tb_desired_course desiredcou0_ where desiredcou0_.course_id=? and desiredcou0_.customer_id=?
Hibernate: select coursemode0_.id_course as id_cours1_1_0_, coursemode0_.name as name2_1_0_, coursemode0_.original_value as original3_1_0_, coursemode0_.teacher_responsible_id_teacher as teacher_4_1_0_, teachermod1_.id_teacher as id_teach1_4_1_, teachermod1_.name as name2_4_1_ from tb_course coursemode0_ left outer join tb_teacher teachermod1_ on coursemode0_.teacher_responsible_id_teacher=teachermod1_.id_teacher where coursemode0_.id_course=?
Hibernate: select customermo0_.id_customer as id_custo1_2_0_, customermo0_.company as company2_2_0_, customermo0_.email as email3_2_0_, customermo0_.firstname as firstnam4_2_0_, customermo0_.lastname as lastname5_2_0_, customermo0_.linked_in as linked_i6_2_0_, customermo0_.phone as phone7_2_0_, customermo0_.position as position8_2_0_ from tb_customer customermo0_ where customermo0_.id_customer=?
Hibernate: insert into tb_desired_course (desire_date, desire_description, course_id, customer_id) values (?, ?, ?, ?)
Hibernate: SELECT * FROM TB_ACQUIRED_COURSE WHERE id_acquired_course = ?
2021-04-21 12:41:03.964  WARN 17492 --- [           main] o.h.engine.jdbc.spi.SqlExceptionHelper   : SQL Error: 42122, SQLState: 42S22
2021-04-21 12:41:03.964 ERROR 17492 --- [           main] o.h.engine.jdbc.spi.SqlExceptionHelper   : Column "ID_ACQUIRED_COURSE" not found; SQL statement:
SELECT * FROM TB_ACQUIRED_COURSE WHERE id_acquired_course = ? [42122-200]
]]></system-out>
  </testcase>
  <testcase name="Given_a_valid_Request_to_delete_a_Desired_Course_by_Customer_When_its_requested_to_delete_the_Desired_Course_Then_response_with_the_status_OK" classname="com.coursesstore.admin.adapters.http.customer.delete.DeleteCustomerControllerTest" time="0.065">
    <error message="Request processing failed; nested exception is org.springframework.dao.InvalidDataAccessResourceUsageException: could not prepare statement; SQL [SELECT * FROM TB_DESIRED_COURSE WHERE id_desired_course = ?]; nested exception is org.hibernate.exception.SQLGrammarException: could not prepare statement" type="org.springframework.web.util.NestedServletException">org.springframework.web.util.NestedServletException: Request processing failed; nested exception is org.springframework.dao.InvalidDataAccessResourceUsageException: could not prepare statement; SQL [SELECT * FROM TB_DESIRED_COURSE WHERE id_desired_course = ?]; nested exception is org.hibernate.exception.SQLGrammarException: could not prepare statement
	at com.coursesstore.admin.adapters.http.customer.delete.DeleteCustomerControllerTest.Given_a_valid_Request_to_delete_a_Desired_Course_by_Customer_When_its_requested_to_delete_the_Desired_Course_Then_response_with_the_status_OK(DeleteCustomerControllerTest.java:85)
Caused by: org.springframework.dao.InvalidDataAccessResourceUsageException: could not prepare statement; SQL [SELECT * FROM TB_DESIRED_COURSE WHERE id_desired_course = ?]; nested exception is org.hibernate.exception.SQLGrammarException: could not prepare statement
	at com.coursesstore.admin.adapters.http.customer.delete.DeleteCustomerControllerTest.Given_a_valid_Request_to_delete_a_Desired_Course_by_Customer_When_its_requested_to_delete_the_Desired_Course_Then_response_with_the_status_OK(DeleteCustomerControllerTest.java:85)
Caused by: org.hibernate.exception.SQLGrammarException: could not prepare statement
	at com.coursesstore.admin.adapters.http.customer.delete.DeleteCustomerControllerTest.Given_a_valid_Request_to_delete_a_Desired_Course_by_Customer_When_its_requested_to_delete_the_Desired_Course_Then_response_with_the_status_OK(DeleteCustomerControllerTest.java:85)
Caused by: org.h2.jdbc.JdbcSQLSyntaxErrorException: 
Column "ID_DESIRED_COURSE" not found; SQL statement:
SELECT * FROM TB_DESIRED_COURSE WHERE id_desired_course = ? [42122-200]
	at com.coursesstore.admin.adapters.http.customer.delete.DeleteCustomerControllerTest.Given_a_valid_Request_to_delete_a_Desired_Course_by_Customer_When_its_requested_to_delete_the_Desired_Course_Then_response_with_the_status_OK(DeleteCustomerControllerTest.java:85)
</error>
    <system-out><![CDATA[Hibernate: select customermo0_.id_customer as id_custo1_2_0_, customermo0_.company as company2_2_0_, customermo0_.email as email3_2_0_, customermo0_.firstname as firstnam4_2_0_, customermo0_.lastname as lastname5_2_0_, customermo0_.linked_in as linked_i6_2_0_, customermo0_.phone as phone7_2_0_, customermo0_.position as position8_2_0_ from tb_customer customermo0_ where customermo0_.id_customer=?
Hibernate: insert into tb_customer (company, email, firstname, lastname, linked_in, phone, position, id_customer) values (?, ?, ?, ?, ?, ?, ?, ?)
Hibernate: select customermo0_.id_customer as id_custo1_2_0_, customermo0_.company as company2_2_0_, customermo0_.email as email3_2_0_, customermo0_.firstname as firstnam4_2_0_, customermo0_.lastname as lastname5_2_0_, customermo0_.linked_in as linked_i6_2_0_, customermo0_.phone as phone7_2_0_, customermo0_.position as position8_2_0_ from tb_customer customermo0_ where customermo0_.id_customer=?
Hibernate: insert into tb_customer (company, email, firstname, lastname, linked_in, phone, position, id_customer) values (?, ?, ?, ?, ?, ?, ?, ?)
Hibernate: select teachermod0_.id_teacher as id_teach1_4_0_, teachermod0_.name as name2_4_0_ from tb_teacher teachermod0_ where teachermod0_.id_teacher=?
Hibernate: insert into tb_teacher (name, id_teacher) values (?, ?)
Hibernate: select coursemode0_.id_course as id_cours1_1_0_, coursemode0_.name as name2_1_0_, coursemode0_.original_value as original3_1_0_, coursemode0_.teacher_responsible_id_teacher as teacher_4_1_0_ from tb_course coursemode0_ where coursemode0_.id_course=?
Hibernate: select teachermod0_.id_teacher as id_teach1_4_0_, teachermod0_.name as name2_4_0_ from tb_teacher teachermod0_ where teachermod0_.id_teacher=?
Hibernate: insert into tb_course (name, original_value, teacher_responsible_id_teacher, id_course) values (?, ?, ?, ?)
Hibernate: select coursemode0_.id_course as id_cours1_1_0_, coursemode0_.name as name2_1_0_, coursemode0_.original_value as original3_1_0_, coursemode0_.teacher_responsible_id_teacher as teacher_4_1_0_ from tb_course coursemode0_ where coursemode0_.id_course=?
Hibernate: select teachermod0_.id_teacher as id_teach1_4_0_, teachermod0_.name as name2_4_0_ from tb_teacher teachermod0_ where teachermod0_.id_teacher=?
Hibernate: insert into tb_course (name, original_value, teacher_responsible_id_teacher, id_course) values (?, ?, ?, ?)
Hibernate: select acquiredco0_.course_id as course_i1_0_0_, acquiredco0_.customer_id as customer2_0_0_, acquiredco0_.acquisition_date as acquisit3_0_0_, acquiredco0_.value_paid as value_pa4_0_0_ from tb_acquired_course acquiredco0_ where acquiredco0_.course_id=? and acquiredco0_.customer_id=?
Hibernate: select coursemode0_.id_course as id_cours1_1_0_, coursemode0_.name as name2_1_0_, coursemode0_.original_value as original3_1_0_, coursemode0_.teacher_responsible_id_teacher as teacher_4_1_0_, teachermod1_.id_teacher as id_teach1_4_1_, teachermod1_.name as name2_4_1_ from tb_course coursemode0_ left outer join tb_teacher teachermod1_ on coursemode0_.teacher_responsible_id_teacher=teachermod1_.id_teacher where coursemode0_.id_course=?
Hibernate: select customermo0_.id_customer as id_custo1_2_0_, customermo0_.company as company2_2_0_, customermo0_.email as email3_2_0_, customermo0_.firstname as firstnam4_2_0_, customermo0_.lastname as lastname5_2_0_, customermo0_.linked_in as linked_i6_2_0_, customermo0_.phone as phone7_2_0_, customermo0_.position as position8_2_0_ from tb_customer customermo0_ where customermo0_.id_customer=?
Hibernate: insert into tb_acquired_course (acquisition_date, value_paid, course_id, customer_id) values (?, ?, ?, ?)
Hibernate: select desiredcou0_.course_id as course_i1_3_0_, desiredcou0_.customer_id as customer2_3_0_, desiredcou0_.desire_date as desire_d3_3_0_, desiredcou0_.desire_description as desire_d4_3_0_ from tb_desired_course desiredcou0_ where desiredcou0_.course_id=? and desiredcou0_.customer_id=?
Hibernate: select coursemode0_.id_course as id_cours1_1_0_, coursemode0_.name as name2_1_0_, coursemode0_.original_value as original3_1_0_, coursemode0_.teacher_responsible_id_teacher as teacher_4_1_0_, teachermod1_.id_teacher as id_teach1_4_1_, teachermod1_.name as name2_4_1_ from tb_course coursemode0_ left outer join tb_teacher teachermod1_ on coursemode0_.teacher_responsible_id_teacher=teachermod1_.id_teacher where coursemode0_.id_course=?
Hibernate: select customermo0_.id_customer as id_custo1_2_0_, customermo0_.company as company2_2_0_, customermo0_.email as email3_2_0_, customermo0_.firstname as firstnam4_2_0_, customermo0_.lastname as lastname5_2_0_, customermo0_.linked_in as linked_i6_2_0_, customermo0_.phone as phone7_2_0_, customermo0_.position as position8_2_0_ from tb_customer customermo0_ where customermo0_.id_customer=?
Hibernate: insert into tb_desired_course (desire_date, desire_description, course_id, customer_id) values (?, ?, ?, ?)
Hibernate: SELECT * FROM TB_DESIRED_COURSE WHERE id_desired_course = ?
2021-04-21 12:41:04.017  WARN 17492 --- [           main] o.h.engine.jdbc.spi.SqlExceptionHelper   : SQL Error: 42122, SQLState: 42S22
2021-04-21 12:41:04.017 ERROR 17492 --- [           main] o.h.engine.jdbc.spi.SqlExceptionHelper   : Column "ID_DESIRED_COURSE" not found; SQL statement:
SELECT * FROM TB_DESIRED_COURSE WHERE id_desired_course = ? [42122-200]
]]></system-out>
  </testcase>
  <testcase name="Given_a_valid_Request_to_delete_a_Customer_When_its_requested_to_delete_a_Customer_Then_response_with_the_status_OK" classname="com.coursesstore.admin.adapters.http.customer.delete.DeleteCustomerControllerTest" time="0.077"/>
</testsuite>